<?xml version="1.0" encoding="UTF-8"?>
<TestRun id="79eb5040-e2ba-4de6-834e-01fa593573e2" name="STRIKE@STRIKE-THINK 2012-04-15 15:12:25" runUser="STRIKE-THINK\STRIKE" xmlns="http://microsoft.com/schemas/VisualStudio/TeamTest/2010">
  <TestSettings name="本地" id="ac7dbcf4-0217-4bb7-885d-181e1d39493f">
    <Description>这些设置为本地测试运行的默认测试设置。</Description>
    <Deployment enabled="false" runDeploymentRoot="STRIKE_STRIKE-THINK 2012-04-15 15_12_25">
      <DeploymentItem filename="D:\vs2010\csh\BowlingGame\BowlingGame\bin\Debug\BowlingGame.exe" />
    </Deployment>
    <Execution>
      <TestTypeSpecific />
      <AgentRule name="Execution Agents">
      </AgentRule>
    </Execution>
  </TestSettings>
  <Times creation="2012-04-15T15:12:25.1276582+08:00" queuing="2012-04-15T15:12:25.1566599+08:00" start="2012-04-15T15:12:25.1916619+08:00" finish="2012-04-15T15:12:25.6786898+08:00" />
  <ResultSummary outcome="Completed">
    <Counters total="9" executed="9" passed="9" error="0" failed="0" timeout="0" aborted="0" inconclusive="0" passedButRunAborted="0" notRunnable="0" notExecuted="0" disconnected="0" warning="0" completed="0" inProgress="0" pending="0" />
  </ResultSummary>
  <TestDefinitions>
    <UnitTest name="testOneStrike" storage="d:\vs2010\csh\bowlinggame\bowlinggametest\bin\debug\bowlinggametest.dll" id="0dc69d51-f15e-6390-18ee-0951f148ed4b">
      <Execution id="6cece809-ee66-4bf5-a1ab-cba31c51155d" />
      <TestMethod codeBase="D:/vs2010/csh/BowlingGame/BowlingGameTest/bin/Debug/BowlingGameTest.DLL" adapterTypeName="Microsoft.VisualStudio.TestTools.TestTypes.Unit.UnitTestAdapter, Microsoft.VisualStudio.QualityTools.Tips.UnitTest.Adapter, Version=10.0.0.0, Culture=neutral, PublicKeyToken=b03f5f7f11d50a3a" className="BowlingGameTest, BowlingGameTest, Version=1.0.0.0, Culture=neutral, PublicKeyToken=null" name="testOneStrike" />
    </UnitTest>
    <UnitTest name="testOneSpare" storage="d:\vs2010\csh\bowlinggame\bowlinggametest\bin\debug\bowlinggametest.dll" id="17d5f833-b821-0f07-9723-04f2b742087f">
      <Execution id="f898c3d8-fd70-492e-a6e9-cc92ea1a0628" />
      <TestMethod codeBase="D:/vs2010/csh/BowlingGame/BowlingGameTest/bin/Debug/BowlingGameTest.DLL" adapterTypeName="Microsoft.VisualStudio.TestTools.TestTypes.Unit.UnitTestAdapter, Microsoft.VisualStudio.QualityTools.Tips.UnitTest.Adapter, Version=10.0.0.0, Culture=neutral, PublicKeyToken=b03f5f7f11d50a3a" className="BowlingGameTest, BowlingGameTest, Version=1.0.0.0, Culture=neutral, PublicKeyToken=null" name="testOneSpare" />
    </UnitTest>
    <UnitTest name="testHeartBreak" storage="d:\vs2010\csh\bowlinggame\bowlinggametest\bin\debug\bowlinggametest.dll" id="bb77fe17-5c79-3ba9-4980-cf499ad710fa">
      <Execution id="bd5a3308-a125-44ef-bbf0-65a194b2fcfd" />
      <TestMethod codeBase="D:/vs2010/csh/BowlingGame/BowlingGameTest/bin/Debug/BowlingGameTest.DLL" adapterTypeName="Microsoft.VisualStudio.TestTools.TestTypes.Unit.UnitTestAdapter, Microsoft.VisualStudio.QualityTools.Tips.UnitTest.Adapter, Version=10.0.0.0, Culture=neutral, PublicKeyToken=b03f5f7f11d50a3a" className="BowlingGameTest, BowlingGameTest, Version=1.0.0.0, Culture=neutral, PublicKeyToken=null" name="testHeartBreak" />
    </UnitTest>
    <UnitTest name="testRolls" storage="d:\vs2010\csh\bowlinggame\bowlinggametest\bin\debug\bowlinggametest.dll" id="6d239213-6502-8524-0690-637aa88cd060">
      <Execution id="ac91aaeb-99ec-488f-b4d5-6776eb6db558" />
      <TestMethod codeBase="D:/vs2010/csh/BowlingGame/BowlingGameTest/bin/Debug/BowlingGameTest.DLL" adapterTypeName="Microsoft.VisualStudio.TestTools.TestTypes.Unit.UnitTestAdapter, Microsoft.VisualStudio.QualityTools.Tips.UnitTest.Adapter, Version=10.0.0.0, Culture=neutral, PublicKeyToken=b03f5f7f11d50a3a" className="BowlingGameTest, BowlingGameTest, Version=1.0.0.0, Culture=neutral, PublicKeyToken=null" name="testRolls" />
    </UnitTest>
    <UnitTest name="TestPerfectGame" storage="d:\vs2010\csh\bowlinggame\bowlinggametest\bin\debug\bowlinggametest.dll" id="57fcc951-185f-7351-7c61-6654d4d46ba8">
      <Execution id="0f349192-a4e7-48ef-8e08-2109b7ee603e" />
      <TestMethod codeBase="D:/vs2010/csh/BowlingGame/BowlingGameTest/bin/Debug/BowlingGameTest.DLL" adapterTypeName="Microsoft.VisualStudio.TestTools.TestTypes.Unit.UnitTestAdapter, Microsoft.VisualStudio.QualityTools.Tips.UnitTest.Adapter, Version=10.0.0.0, Culture=neutral, PublicKeyToken=b03f5f7f11d50a3a" className="BowlingGameTest, BowlingGameTest, Version=1.0.0.0, Culture=neutral, PublicKeyToken=null" name="TestPerfectGame" />
    </UnitTest>
    <UnitTest name="testFrameAfterSpare" storage="d:\vs2010\csh\bowlinggame\bowlinggametest\bin\debug\bowlinggametest.dll" id="4816cc26-0aad-a3cb-1794-55638cb82dd4">
      <Execution id="66f94c23-5053-430f-b494-7651154d18bd" />
      <TestMethod codeBase="D:/vs2010/csh/BowlingGame/BowlingGameTest/bin/Debug/BowlingGameTest.DLL" adapterTypeName="Microsoft.VisualStudio.TestTools.TestTypes.Unit.UnitTestAdapter, Microsoft.VisualStudio.QualityTools.Tips.UnitTest.Adapter, Version=10.0.0.0, Culture=neutral, PublicKeyToken=b03f5f7f11d50a3a" className="BowlingGameTest, BowlingGameTest, Version=1.0.0.0, Culture=neutral, PublicKeyToken=null" name="testFrameAfterSpare" />
    </UnitTest>
    <UnitTest name="testGutterGame" storage="d:\vs2010\csh\bowlinggame\bowlinggametest\bin\debug\bowlinggametest.dll" id="98cc0c0e-7a1e-2658-db4a-085b4583f36f">
      <Execution id="86e1e50e-db99-417e-937d-4135427c6cd9" />
      <TestMethod codeBase="D:/vs2010/csh/BowlingGame/BowlingGameTest/bin/Debug/BowlingGameTest.DLL" adapterTypeName="Microsoft.VisualStudio.TestTools.TestTypes.Unit.UnitTestAdapter, Microsoft.VisualStudio.QualityTools.Tips.UnitTest.Adapter, Version=10.0.0.0, Culture=neutral, PublicKeyToken=b03f5f7f11d50a3a" className="BowlingGameTest, BowlingGameTest, Version=1.0.0.0, Culture=neutral, PublicKeyToken=null" name="testGutterGame" />
    </UnitTest>
    <UnitTest name="TestTenthTrameSpare" storage="d:\vs2010\csh\bowlinggame\bowlinggametest\bin\debug\bowlinggametest.dll" id="a8260e0f-2b89-e586-f8d4-16c349812d37">
      <Execution id="def4bc1a-0841-4327-b436-1a56168a25c5" />
      <TestMethod codeBase="D:/vs2010/csh/BowlingGame/BowlingGameTest/bin/Debug/BowlingGameTest.DLL" adapterTypeName="Microsoft.VisualStudio.TestTools.TestTypes.Unit.UnitTestAdapter, Microsoft.VisualStudio.QualityTools.Tips.UnitTest.Adapter, Version=10.0.0.0, Culture=neutral, PublicKeyToken=b03f5f7f11d50a3a" className="BowlingGameTest, BowlingGameTest, Version=1.0.0.0, Culture=neutral, PublicKeyToken=null" name="TestTenthTrameSpare" />
    </UnitTest>
    <UnitTest name="testAllOnes" storage="d:\vs2010\csh\bowlinggame\bowlinggametest\bin\debug\bowlinggametest.dll" id="ba5ef2f0-1dab-7adb-aa9b-278a05452cf1">
      <Execution id="8f6e4d6e-40e5-4bce-8eef-6d4bc46d3705" />
      <TestMethod codeBase="D:/vs2010/csh/BowlingGame/BowlingGameTest/bin/Debug/BowlingGameTest.DLL" adapterTypeName="Microsoft.VisualStudio.TestTools.TestTypes.Unit.UnitTestAdapter, Microsoft.VisualStudio.QualityTools.Tips.UnitTest.Adapter, Version=10.0.0.0, Culture=neutral, PublicKeyToken=b03f5f7f11d50a3a" className="BowlingGameTest, BowlingGameTest, Version=1.0.0.0, Culture=neutral, PublicKeyToken=null" name="testAllOnes" />
    </UnitTest>
  </TestDefinitions>
  <TestLists>
    <TestList name="列表中未列出的结果" id="8c84fa94-04c1-424b-9868-57a2d4851a1d" />
    <TestList name="所有已加载的结果" id="19431567-8539-422a-85d7-44ee4e166bda" />
  </TestLists>
  <TestEntries>
    <TestEntry testId="98cc0c0e-7a1e-2658-db4a-085b4583f36f" executionId="86e1e50e-db99-417e-937d-4135427c6cd9" testListId="8c84fa94-04c1-424b-9868-57a2d4851a1d" />
    <TestEntry testId="ba5ef2f0-1dab-7adb-aa9b-278a05452cf1" executionId="8f6e4d6e-40e5-4bce-8eef-6d4bc46d3705" testListId="8c84fa94-04c1-424b-9868-57a2d4851a1d" />
    <TestEntry testId="17d5f833-b821-0f07-9723-04f2b742087f" executionId="f898c3d8-fd70-492e-a6e9-cc92ea1a0628" testListId="8c84fa94-04c1-424b-9868-57a2d4851a1d" />
    <TestEntry testId="0dc69d51-f15e-6390-18ee-0951f148ed4b" executionId="6cece809-ee66-4bf5-a1ab-cba31c51155d" testListId="8c84fa94-04c1-424b-9868-57a2d4851a1d" />
    <TestEntry testId="bb77fe17-5c79-3ba9-4980-cf499ad710fa" executionId="bd5a3308-a125-44ef-bbf0-65a194b2fcfd" testListId="8c84fa94-04c1-424b-9868-57a2d4851a1d" />
    <TestEntry testId="6d239213-6502-8524-0690-637aa88cd060" executionId="ac91aaeb-99ec-488f-b4d5-6776eb6db558" testListId="8c84fa94-04c1-424b-9868-57a2d4851a1d" />
    <TestEntry testId="4816cc26-0aad-a3cb-1794-55638cb82dd4" executionId="66f94c23-5053-430f-b494-7651154d18bd" testListId="8c84fa94-04c1-424b-9868-57a2d4851a1d" />
    <TestEntry testId="57fcc951-185f-7351-7c61-6654d4d46ba8" executionId="0f349192-a4e7-48ef-8e08-2109b7ee603e" testListId="8c84fa94-04c1-424b-9868-57a2d4851a1d" />
    <TestEntry testId="a8260e0f-2b89-e586-f8d4-16c349812d37" executionId="def4bc1a-0841-4327-b436-1a56168a25c5" testListId="8c84fa94-04c1-424b-9868-57a2d4851a1d" />
  </TestEntries>
  <Results>
    <UnitTestResult executionId="86e1e50e-db99-417e-937d-4135427c6cd9" testId="98cc0c0e-7a1e-2658-db4a-085b4583f36f" testName="testGutterGame" computerName="STRIKE-THINK" duration="00:00:00.0220227" startTime="2012-04-15T15:12:25.1946621+08:00" endTime="2012-04-15T15:12:25.4956793+08:00" testType="13cdc9d9-ddb5-4fa4-a97d-d965ccfc6d4b" outcome="Passed" testListId="8c84fa94-04c1-424b-9868-57a2d4851a1d" relativeResultsDirectory="86e1e50e-db99-417e-937d-4135427c6cd9">
    </UnitTestResult>
    <UnitTestResult executionId="8f6e4d6e-40e5-4bce-8eef-6d4bc46d3705" testId="ba5ef2f0-1dab-7adb-aa9b-278a05452cf1" testName="testAllOnes" computerName="STRIKE-THINK" duration="00:00:00.0002633" startTime="2012-04-15T15:12:25.5036797+08:00" endTime="2012-04-15T15:12:25.5116802+08:00" testType="13cdc9d9-ddb5-4fa4-a97d-d965ccfc6d4b" outcome="Passed" testListId="8c84fa94-04c1-424b-9868-57a2d4851a1d" relativeResultsDirectory="8f6e4d6e-40e5-4bce-8eef-6d4bc46d3705">
    </UnitTestResult>
    <UnitTestResult executionId="f898c3d8-fd70-492e-a6e9-cc92ea1a0628" testId="17d5f833-b821-0f07-9723-04f2b742087f" testName="testOneSpare" computerName="STRIKE-THINK" duration="00:00:00.0003253" startTime="2012-04-15T15:12:25.5176805+08:00" endTime="2012-04-15T15:12:25.5256810+08:00" testType="13cdc9d9-ddb5-4fa4-a97d-d965ccfc6d4b" outcome="Passed" testListId="8c84fa94-04c1-424b-9868-57a2d4851a1d" relativeResultsDirectory="f898c3d8-fd70-492e-a6e9-cc92ea1a0628">
    </UnitTestResult>
    <UnitTestResult executionId="6cece809-ee66-4bf5-a1ab-cba31c51155d" testId="0dc69d51-f15e-6390-18ee-0951f148ed4b" testName="testOneStrike" computerName="STRIKE-THINK" duration="00:00:00.0003772" startTime="2012-04-15T15:12:25.5326814+08:00" endTime="2012-04-15T15:12:25.5386817+08:00" testType="13cdc9d9-ddb5-4fa4-a97d-d965ccfc6d4b" outcome="Passed" testListId="8c84fa94-04c1-424b-9868-57a2d4851a1d" relativeResultsDirectory="6cece809-ee66-4bf5-a1ab-cba31c51155d">
    </UnitTestResult>
    <UnitTestResult executionId="bd5a3308-a125-44ef-bbf0-65a194b2fcfd" testId="bb77fe17-5c79-3ba9-4980-cf499ad710fa" testName="testHeartBreak" computerName="STRIKE-THINK" duration="00:00:00.0003468" startTime="2012-04-15T15:12:25.5436820+08:00" endTime="2012-04-15T15:12:25.5566828+08:00" testType="13cdc9d9-ddb5-4fa4-a97d-d965ccfc6d4b" outcome="Passed" testListId="8c84fa94-04c1-424b-9868-57a2d4851a1d" relativeResultsDirectory="bd5a3308-a125-44ef-bbf0-65a194b2fcfd">
    </UnitTestResult>
    <UnitTestResult executionId="ac91aaeb-99ec-488f-b4d5-6776eb6db558" testId="6d239213-6502-8524-0690-637aa88cd060" testName="testRolls" computerName="STRIKE-THINK" duration="00:00:00.0014279" startTime="2012-04-15T15:12:25.5636832+08:00" endTime="2012-04-15T15:12:25.5886846+08:00" testType="13cdc9d9-ddb5-4fa4-a97d-d965ccfc6d4b" outcome="Passed" testListId="8c84fa94-04c1-424b-9868-57a2d4851a1d" relativeResultsDirectory="ac91aaeb-99ec-488f-b4d5-6776eb6db558">
    </UnitTestResult>
    <UnitTestResult executionId="66f94c23-5053-430f-b494-7651154d18bd" testId="4816cc26-0aad-a3cb-1794-55638cb82dd4" testName="testFrameAfterSpare" computerName="STRIKE-THINK" duration="00:00:00.0015130" startTime="2012-04-15T15:12:25.5906847+08:00" endTime="2012-04-15T15:12:25.6096858+08:00" testType="13cdc9d9-ddb5-4fa4-a97d-d965ccfc6d4b" outcome="Passed" testListId="8c84fa94-04c1-424b-9868-57a2d4851a1d" relativeResultsDirectory="66f94c23-5053-430f-b494-7651154d18bd">
    </UnitTestResult>
    <UnitTestResult executionId="0f349192-a4e7-48ef-8e08-2109b7ee603e" testId="57fcc951-185f-7351-7c61-6654d4d46ba8" testName="TestPerfectGame" computerName="STRIKE-THINK" duration="00:00:00.0003788" startTime="2012-04-15T15:12:25.6166862+08:00" endTime="2012-04-15T15:12:25.6306870+08:00" testType="13cdc9d9-ddb5-4fa4-a97d-d965ccfc6d4b" outcome="Passed" testListId="8c84fa94-04c1-424b-9868-57a2d4851a1d" relativeResultsDirectory="0f349192-a4e7-48ef-8e08-2109b7ee603e">
    </UnitTestResult>
    <UnitTestResult executionId="def4bc1a-0841-4327-b436-1a56168a25c5" testId="a8260e0f-2b89-e586-f8d4-16c349812d37" testName="TestTenthTrameSpare" computerName="STRIKE-THINK" duration="00:00:00.0007678" startTime="2012-04-15T15:12:25.6376874+08:00" endTime="2012-04-15T15:12:25.6556884+08:00" testType="13cdc9d9-ddb5-4fa4-a97d-d965ccfc6d4b" outcome="Passed" testListId="8c84fa94-04c1-424b-9868-57a2d4851a1d" relativeResultsDirectory="def4bc1a-0841-4327-b436-1a56168a25c5">
    </UnitTestResult>
  </Results>
</TestRun>