<?xml version="1.0" encoding="UTF-8"?>
<TestRun id="af70fd26-37a2-4775-8093-0b3e37b4df1b" name="STRIKE@STRIKE-THINK 2012-04-15 14:39:02" runUser="STRIKE-THINK\STRIKE" xmlns="http://microsoft.com/schemas/VisualStudio/TeamTest/2010">
  <TestSettings name="本地" id="ac7dbcf4-0217-4bb7-885d-181e1d39493f">
    <Description>这些设置为本地测试运行的默认测试设置。</Description>
    <Deployment enabled="false" runDeploymentRoot="STRIKE_STRIKE-THINK 2012-04-15 14_39_02">
      <DeploymentItem filename="D:\vs2010\csh\BowlingGame\BowlingGame\bin\Debug\BowlingGame.exe" />
    </Deployment>
    <Execution>
      <TestTypeSpecific />
      <AgentRule name="Execution Agents">
      </AgentRule>
    </Execution>
  </TestSettings>
  <Times creation="2012-04-15T14:39:02.3191041+08:00" queuing="2012-04-15T14:39:02.3491059+08:00" start="2012-04-15T14:39:02.3571063+08:00" finish="2012-04-15T14:39:02.8421341+08:00" />
  <ResultSummary outcome="Failed">
    <Counters total="6" executed="6" passed="5" error="0" failed="1" timeout="0" aborted="0" inconclusive="0" passedButRunAborted="0" notRunnable="0" notExecuted="0" disconnected="0" warning="0" completed="0" inProgress="0" pending="0" />
  </ResultSummary>
  <TestDefinitions>
    <UnitTest name="testOneStrike" storage="d:\vs2010\csh\bowlinggame\bowlinggametest\bin\debug\bowlinggametest.dll" id="0dc69d51-f15e-6390-18ee-0951f148ed4b">
      <Execution id="cc86eeb8-cd38-4a52-af9f-8250fe1cf80f" />
      <TestMethod codeBase="D:/vs2010/csh/BowlingGame/BowlingGameTest/bin/Debug/BowlingGameTest.DLL" adapterTypeName="Microsoft.VisualStudio.TestTools.TestTypes.Unit.UnitTestAdapter, Microsoft.VisualStudio.QualityTools.Tips.UnitTest.Adapter, Version=10.0.0.0, Culture=neutral, PublicKeyToken=b03f5f7f11d50a3a" className="BowlingGameTest, BowlingGameTest, Version=1.0.0.0, Culture=neutral, PublicKeyToken=null" name="testOneStrike" />
    </UnitTest>
    <UnitTest name="testOneSpare" storage="d:\vs2010\csh\bowlinggame\bowlinggametest\bin\debug\bowlinggametest.dll" id="17d5f833-b821-0f07-9723-04f2b742087f">
      <Execution id="3ea6650d-ea68-42e2-80ff-510636c4400e" />
      <TestMethod codeBase="D:/vs2010/csh/BowlingGame/BowlingGameTest/bin/Debug/BowlingGameTest.DLL" adapterTypeName="Microsoft.VisualStudio.TestTools.TestTypes.Unit.UnitTestAdapter, Microsoft.VisualStudio.QualityTools.Tips.UnitTest.Adapter, Version=10.0.0.0, Culture=neutral, PublicKeyToken=b03f5f7f11d50a3a" className="BowlingGameTest, BowlingGameTest, Version=1.0.0.0, Culture=neutral, PublicKeyToken=null" name="testOneSpare" />
    </UnitTest>
    <UnitTest name="testHeartBreak" storage="d:\vs2010\csh\bowlinggame\bowlinggametest\bin\debug\bowlinggametest.dll" id="bb77fe17-5c79-3ba9-4980-cf499ad710fa">
      <Execution id="5330ecd4-895f-441e-bb1d-7f363c89a65d" />
      <TestMethod codeBase="D:/vs2010/csh/BowlingGame/BowlingGameTest/bin/Debug/BowlingGameTest.DLL" adapterTypeName="Microsoft.VisualStudio.TestTools.TestTypes.Unit.UnitTestAdapter, Microsoft.VisualStudio.QualityTools.Tips.UnitTest.Adapter, Version=10.0.0.0, Culture=neutral, PublicKeyToken=b03f5f7f11d50a3a" className="BowlingGameTest, BowlingGameTest, Version=1.0.0.0, Culture=neutral, PublicKeyToken=null" name="testHeartBreak" />
    </UnitTest>
    <UnitTest name="testRolls" storage="d:\vs2010\csh\bowlinggame\bowlinggametest\bin\debug\bowlinggametest.dll" id="6d239213-6502-8524-0690-637aa88cd060">
      <Execution id="bc25e676-f211-4f42-b1cd-5eb12f3732d9" />
      <TestMethod codeBase="D:/vs2010/csh/BowlingGame/BowlingGameTest/bin/Debug/BowlingGameTest.DLL" adapterTypeName="Microsoft.VisualStudio.TestTools.TestTypes.Unit.UnitTestAdapter, Microsoft.VisualStudio.QualityTools.Tips.UnitTest.Adapter, Version=10.0.0.0, Culture=neutral, PublicKeyToken=b03f5f7f11d50a3a" className="BowlingGameTest, BowlingGameTest, Version=1.0.0.0, Culture=neutral, PublicKeyToken=null" name="testRolls" />
    </UnitTest>
    <UnitTest name="testGutterGame" storage="d:\vs2010\csh\bowlinggame\bowlinggametest\bin\debug\bowlinggametest.dll" id="98cc0c0e-7a1e-2658-db4a-085b4583f36f">
      <Execution id="cf642270-74f6-416a-8310-0f4f87959e9c" />
      <TestMethod codeBase="D:/vs2010/csh/BowlingGame/BowlingGameTest/bin/Debug/BowlingGameTest.DLL" adapterTypeName="Microsoft.VisualStudio.TestTools.TestTypes.Unit.UnitTestAdapter, Microsoft.VisualStudio.QualityTools.Tips.UnitTest.Adapter, Version=10.0.0.0, Culture=neutral, PublicKeyToken=b03f5f7f11d50a3a" className="BowlingGameTest, BowlingGameTest, Version=1.0.0.0, Culture=neutral, PublicKeyToken=null" name="testGutterGame" />
    </UnitTest>
    <UnitTest name="testAllOnes" storage="d:\vs2010\csh\bowlinggame\bowlinggametest\bin\debug\bowlinggametest.dll" id="ba5ef2f0-1dab-7adb-aa9b-278a05452cf1">
      <Execution id="78d9f6fa-0a8d-4261-99e7-778a7f963c77" />
      <TestMethod codeBase="D:/vs2010/csh/BowlingGame/BowlingGameTest/bin/Debug/BowlingGameTest.DLL" adapterTypeName="Microsoft.VisualStudio.TestTools.TestTypes.Unit.UnitTestAdapter, Microsoft.VisualStudio.QualityTools.Tips.UnitTest.Adapter, Version=10.0.0.0, Culture=neutral, PublicKeyToken=b03f5f7f11d50a3a" className="BowlingGameTest, BowlingGameTest, Version=1.0.0.0, Culture=neutral, PublicKeyToken=null" name="testAllOnes" />
    </UnitTest>
  </TestDefinitions>
  <TestLists>
    <TestList name="列表中未列出的结果" id="8c84fa94-04c1-424b-9868-57a2d4851a1d" />
    <TestList name="所有已加载的结果" id="19431567-8539-422a-85d7-44ee4e166bda" />
  </TestLists>
  <TestEntries>
    <TestEntry testId="98cc0c0e-7a1e-2658-db4a-085b4583f36f" executionId="cf642270-74f6-416a-8310-0f4f87959e9c" testListId="8c84fa94-04c1-424b-9868-57a2d4851a1d" />
    <TestEntry testId="ba5ef2f0-1dab-7adb-aa9b-278a05452cf1" executionId="78d9f6fa-0a8d-4261-99e7-778a7f963c77" testListId="8c84fa94-04c1-424b-9868-57a2d4851a1d" />
    <TestEntry testId="17d5f833-b821-0f07-9723-04f2b742087f" executionId="3ea6650d-ea68-42e2-80ff-510636c4400e" testListId="8c84fa94-04c1-424b-9868-57a2d4851a1d" />
    <TestEntry testId="0dc69d51-f15e-6390-18ee-0951f148ed4b" executionId="cc86eeb8-cd38-4a52-af9f-8250fe1cf80f" testListId="8c84fa94-04c1-424b-9868-57a2d4851a1d" />
    <TestEntry testId="bb77fe17-5c79-3ba9-4980-cf499ad710fa" executionId="5330ecd4-895f-441e-bb1d-7f363c89a65d" testListId="8c84fa94-04c1-424b-9868-57a2d4851a1d" />
    <TestEntry testId="6d239213-6502-8524-0690-637aa88cd060" executionId="bc25e676-f211-4f42-b1cd-5eb12f3732d9" testListId="8c84fa94-04c1-424b-9868-57a2d4851a1d" />
  </TestEntries>
  <Results>
    <UnitTestResult executionId="cf642270-74f6-416a-8310-0f4f87959e9c" testId="98cc0c0e-7a1e-2658-db4a-085b4583f36f" testName="testGutterGame" computerName="STRIKE-THINK" duration="00:00:00.0185257" startTime="2012-04-15T14:39:02.3611065+08:00" endTime="2012-04-15T14:39:02.6761246+08:00" testType="13cdc9d9-ddb5-4fa4-a97d-d965ccfc6d4b" outcome="Passed" testListId="8c84fa94-04c1-424b-9868-57a2d4851a1d" relativeResultsDirectory="cf642270-74f6-416a-8310-0f4f87959e9c">
    </UnitTestResult>
    <UnitTestResult executionId="78d9f6fa-0a8d-4261-99e7-778a7f963c77" testId="ba5ef2f0-1dab-7adb-aa9b-278a05452cf1" testName="testAllOnes" computerName="STRIKE-THINK" duration="00:00:00.0002281" startTime="2012-04-15T14:39:02.6841250+08:00" endTime="2012-04-15T14:39:02.6941256+08:00" testType="13cdc9d9-ddb5-4fa4-a97d-d965ccfc6d4b" outcome="Passed" testListId="8c84fa94-04c1-424b-9868-57a2d4851a1d" relativeResultsDirectory="78d9f6fa-0a8d-4261-99e7-778a7f963c77">
    </UnitTestResult>
    <UnitTestResult executionId="3ea6650d-ea68-42e2-80ff-510636c4400e" testId="17d5f833-b821-0f07-9723-04f2b742087f" testName="testOneSpare" computerName="STRIKE-THINK" duration="00:00:00.0008023" startTime="2012-04-15T14:39:02.6971258+08:00" endTime="2012-04-15T14:39:02.7061263+08:00" testType="13cdc9d9-ddb5-4fa4-a97d-d965ccfc6d4b" outcome="Passed" testListId="8c84fa94-04c1-424b-9868-57a2d4851a1d" relativeResultsDirectory="3ea6650d-ea68-42e2-80ff-510636c4400e">
    </UnitTestResult>
    <UnitTestResult executionId="cc86eeb8-cd38-4a52-af9f-8250fe1cf80f" testId="0dc69d51-f15e-6390-18ee-0951f148ed4b" testName="testOneStrike" computerName="STRIKE-THINK" duration="00:00:00.0005377" startTime="2012-04-15T14:39:02.7091264+08:00" endTime="2012-04-15T14:39:02.7181270+08:00" testType="13cdc9d9-ddb5-4fa4-a97d-d965ccfc6d4b" outcome="Passed" testListId="8c84fa94-04c1-424b-9868-57a2d4851a1d" relativeResultsDirectory="cc86eeb8-cd38-4a52-af9f-8250fe1cf80f">
    </UnitTestResult>
    <UnitTestResult executionId="5330ecd4-895f-441e-bb1d-7f363c89a65d" testId="bb77fe17-5c79-3ba9-4980-cf499ad710fa" testName="testHeartBreak" computerName="STRIKE-THINK" duration="00:00:00.0391229" startTime="2012-04-15T14:39:02.7251274+08:00" endTime="2012-04-15T14:39:02.7731301+08:00" testType="13cdc9d9-ddb5-4fa4-a97d-d965ccfc6d4b" outcome="Failed" testListId="8c84fa94-04c1-424b-9868-57a2d4851a1d" relativeResultsDirectory="5330ecd4-895f-441e-bb1d-7f363c89a65d">
      <Output>
        <ErrorInfo>
          <Message>Assert.AreEqual 失败。应为: &lt;299&gt;，实际为: &lt;29&gt;。</Message>
          <StackTrace>   在 BowlingGameTest.testHeartBreak() 位置 D:\vs2010\csh\BowlingGame\BowlingGameTest\GameTest.cs:行号 86
</StackTrace>
        </ErrorInfo>
      </Output>
    </UnitTestResult>
    <UnitTestResult executionId="bc25e676-f211-4f42-b1cd-5eb12f3732d9" testId="6d239213-6502-8524-0690-637aa88cd060" testName="testRolls" computerName="STRIKE-THINK" duration="00:00:00.0005567" startTime="2012-04-15T14:39:02.7781304+08:00" endTime="2012-04-15T14:39:02.7881310+08:00" testType="13cdc9d9-ddb5-4fa4-a97d-d965ccfc6d4b" outcome="Passed" testListId="8c84fa94-04c1-424b-9868-57a2d4851a1d" relativeResultsDirectory="bc25e676-f211-4f42-b1cd-5eb12f3732d9">
    </UnitTestResult>
  </Results>
</TestRun>