<?xml version="1.0" encoding="UTF-8"?>
<TestRun id="5d4e0731-baf6-4bfd-a697-d48fafee0b67" name="STRIKE@STRIKE-THINK 2012-04-15 14:46:59" runUser="STRIKE-THINK\STRIKE" xmlns="http://microsoft.com/schemas/VisualStudio/TeamTest/2010">
  <TestSettings name="本地" id="ac7dbcf4-0217-4bb7-885d-181e1d39493f">
    <Description>这些设置为本地测试运行的默认测试设置。</Description>
    <Deployment enabled="false" runDeploymentRoot="STRIKE_STRIKE-THINK 2012-04-15 14_46_59">
      <DeploymentItem filename="D:\vs2010\csh\BowlingGame\BowlingGame\bin\Debug\BowlingGame.exe" />
    </Deployment>
    <Execution>
      <TestTypeSpecific />
      <AgentRule name="Execution Agents">
      </AgentRule>
    </Execution>
  </TestSettings>
  <Times creation="2012-04-15T14:46:59.2933855+08:00" queuing="2012-04-15T14:46:59.3963914+08:00" start="2012-04-15T14:46:59.4173926+08:00" finish="2012-04-15T14:46:59.8504174+08:00" />
  <ResultSummary outcome="Failed">
    <Counters total="6" executed="6" passed="5" error="0" failed="1" timeout="0" aborted="0" inconclusive="0" passedButRunAborted="0" notRunnable="0" notExecuted="0" disconnected="0" warning="0" completed="0" inProgress="0" pending="0" />
  </ResultSummary>
  <TestDefinitions>
    <UnitTest name="testOneStrike" storage="d:\vs2010\csh\bowlinggame\bowlinggametest\bin\debug\bowlinggametest.dll" id="0dc69d51-f15e-6390-18ee-0951f148ed4b">
      <Execution id="d2d6c9f0-c00e-47e0-a8cd-3046e983182d" />
      <TestMethod codeBase="D:/vs2010/csh/BowlingGame/BowlingGameTest/bin/Debug/BowlingGameTest.DLL" adapterTypeName="Microsoft.VisualStudio.TestTools.TestTypes.Unit.UnitTestAdapter, Microsoft.VisualStudio.QualityTools.Tips.UnitTest.Adapter, Version=10.0.0.0, Culture=neutral, PublicKeyToken=b03f5f7f11d50a3a" className="BowlingGameTest, BowlingGameTest, Version=1.0.0.0, Culture=neutral, PublicKeyToken=null" name="testOneStrike" />
    </UnitTest>
    <UnitTest name="testOneSpare" storage="d:\vs2010\csh\bowlinggame\bowlinggametest\bin\debug\bowlinggametest.dll" id="17d5f833-b821-0f07-9723-04f2b742087f">
      <Execution id="190040b4-acca-4e75-b9eb-6f507c8011fc" />
      <TestMethod codeBase="D:/vs2010/csh/BowlingGame/BowlingGameTest/bin/Debug/BowlingGameTest.DLL" adapterTypeName="Microsoft.VisualStudio.TestTools.TestTypes.Unit.UnitTestAdapter, Microsoft.VisualStudio.QualityTools.Tips.UnitTest.Adapter, Version=10.0.0.0, Culture=neutral, PublicKeyToken=b03f5f7f11d50a3a" className="BowlingGameTest, BowlingGameTest, Version=1.0.0.0, Culture=neutral, PublicKeyToken=null" name="testOneSpare" />
    </UnitTest>
    <UnitTest name="testHeartBreak" storage="d:\vs2010\csh\bowlinggame\bowlinggametest\bin\debug\bowlinggametest.dll" id="bb77fe17-5c79-3ba9-4980-cf499ad710fa">
      <Execution id="bcccb31c-55d6-4314-9ca6-b81206be69de" />
      <TestMethod codeBase="D:/vs2010/csh/BowlingGame/BowlingGameTest/bin/Debug/BowlingGameTest.DLL" adapterTypeName="Microsoft.VisualStudio.TestTools.TestTypes.Unit.UnitTestAdapter, Microsoft.VisualStudio.QualityTools.Tips.UnitTest.Adapter, Version=10.0.0.0, Culture=neutral, PublicKeyToken=b03f5f7f11d50a3a" className="BowlingGameTest, BowlingGameTest, Version=1.0.0.0, Culture=neutral, PublicKeyToken=null" name="testHeartBreak" />
    </UnitTest>
    <UnitTest name="testRolls" storage="d:\vs2010\csh\bowlinggame\bowlinggametest\bin\debug\bowlinggametest.dll" id="6d239213-6502-8524-0690-637aa88cd060">
      <Execution id="de73ebd0-452a-4197-aa22-24540d7c6ddd" />
      <TestMethod codeBase="D:/vs2010/csh/BowlingGame/BowlingGameTest/bin/Debug/BowlingGameTest.DLL" adapterTypeName="Microsoft.VisualStudio.TestTools.TestTypes.Unit.UnitTestAdapter, Microsoft.VisualStudio.QualityTools.Tips.UnitTest.Adapter, Version=10.0.0.0, Culture=neutral, PublicKeyToken=b03f5f7f11d50a3a" className="BowlingGameTest, BowlingGameTest, Version=1.0.0.0, Culture=neutral, PublicKeyToken=null" name="testRolls" />
    </UnitTest>
    <UnitTest name="testGutterGame" storage="d:\vs2010\csh\bowlinggame\bowlinggametest\bin\debug\bowlinggametest.dll" id="98cc0c0e-7a1e-2658-db4a-085b4583f36f">
      <Execution id="35f92fb6-cd9f-4e8d-859e-85f159b1479d" />
      <TestMethod codeBase="D:/vs2010/csh/BowlingGame/BowlingGameTest/bin/Debug/BowlingGameTest.DLL" adapterTypeName="Microsoft.VisualStudio.TestTools.TestTypes.Unit.UnitTestAdapter, Microsoft.VisualStudio.QualityTools.Tips.UnitTest.Adapter, Version=10.0.0.0, Culture=neutral, PublicKeyToken=b03f5f7f11d50a3a" className="BowlingGameTest, BowlingGameTest, Version=1.0.0.0, Culture=neutral, PublicKeyToken=null" name="testGutterGame" />
    </UnitTest>
    <UnitTest name="testAllOnes" storage="d:\vs2010\csh\bowlinggame\bowlinggametest\bin\debug\bowlinggametest.dll" id="ba5ef2f0-1dab-7adb-aa9b-278a05452cf1">
      <Execution id="fec89d8a-e566-479b-88f9-a742ac5c02a4" />
      <TestMethod codeBase="D:/vs2010/csh/BowlingGame/BowlingGameTest/bin/Debug/BowlingGameTest.DLL" adapterTypeName="Microsoft.VisualStudio.TestTools.TestTypes.Unit.UnitTestAdapter, Microsoft.VisualStudio.QualityTools.Tips.UnitTest.Adapter, Version=10.0.0.0, Culture=neutral, PublicKeyToken=b03f5f7f11d50a3a" className="BowlingGameTest, BowlingGameTest, Version=1.0.0.0, Culture=neutral, PublicKeyToken=null" name="testAllOnes" />
    </UnitTest>
  </TestDefinitions>
  <TestLists>
    <TestList name="列表中未列出的结果" id="8c84fa94-04c1-424b-9868-57a2d4851a1d" />
    <TestList name="所有已加载的结果" id="19431567-8539-422a-85d7-44ee4e166bda" />
  </TestLists>
  <TestEntries>
    <TestEntry testId="98cc0c0e-7a1e-2658-db4a-085b4583f36f" executionId="35f92fb6-cd9f-4e8d-859e-85f159b1479d" testListId="8c84fa94-04c1-424b-9868-57a2d4851a1d" />
    <TestEntry testId="ba5ef2f0-1dab-7adb-aa9b-278a05452cf1" executionId="fec89d8a-e566-479b-88f9-a742ac5c02a4" testListId="8c84fa94-04c1-424b-9868-57a2d4851a1d" />
    <TestEntry testId="17d5f833-b821-0f07-9723-04f2b742087f" executionId="190040b4-acca-4e75-b9eb-6f507c8011fc" testListId="8c84fa94-04c1-424b-9868-57a2d4851a1d" />
    <TestEntry testId="0dc69d51-f15e-6390-18ee-0951f148ed4b" executionId="d2d6c9f0-c00e-47e0-a8cd-3046e983182d" testListId="8c84fa94-04c1-424b-9868-57a2d4851a1d" />
    <TestEntry testId="bb77fe17-5c79-3ba9-4980-cf499ad710fa" executionId="bcccb31c-55d6-4314-9ca6-b81206be69de" testListId="8c84fa94-04c1-424b-9868-57a2d4851a1d" />
    <TestEntry testId="6d239213-6502-8524-0690-637aa88cd060" executionId="de73ebd0-452a-4197-aa22-24540d7c6ddd" testListId="8c84fa94-04c1-424b-9868-57a2d4851a1d" />
  </TestEntries>
  <Results>
    <UnitTestResult executionId="35f92fb6-cd9f-4e8d-859e-85f159b1479d" testId="98cc0c0e-7a1e-2658-db4a-085b4583f36f" testName="testGutterGame" computerName="STRIKE-THINK" duration="00:00:00.0176557" startTime="2012-04-15T14:46:59.4473943+08:00" endTime="2012-04-15T14:46:59.7354108+08:00" testType="13cdc9d9-ddb5-4fa4-a97d-d965ccfc6d4b" outcome="Passed" testListId="8c84fa94-04c1-424b-9868-57a2d4851a1d" relativeResultsDirectory="35f92fb6-cd9f-4e8d-859e-85f159b1479d">
    </UnitTestResult>
    <UnitTestResult executionId="fec89d8a-e566-479b-88f9-a742ac5c02a4" testId="ba5ef2f0-1dab-7adb-aa9b-278a05452cf1" testName="testAllOnes" computerName="STRIKE-THINK" duration="00:00:00.0003087" startTime="2012-04-15T14:46:59.7374109+08:00" endTime="2012-04-15T14:46:59.7464114+08:00" testType="13cdc9d9-ddb5-4fa4-a97d-d965ccfc6d4b" outcome="Passed" testListId="8c84fa94-04c1-424b-9868-57a2d4851a1d" relativeResultsDirectory="fec89d8a-e566-479b-88f9-a742ac5c02a4">
    </UnitTestResult>
    <UnitTestResult executionId="190040b4-acca-4e75-b9eb-6f507c8011fc" testId="17d5f833-b821-0f07-9723-04f2b742087f" testName="testOneSpare" computerName="STRIKE-THINK" duration="00:00:00.0006321" startTime="2012-04-15T14:46:59.7504116+08:00" endTime="2012-04-15T14:46:59.7654125+08:00" testType="13cdc9d9-ddb5-4fa4-a97d-d965ccfc6d4b" outcome="Passed" testListId="8c84fa94-04c1-424b-9868-57a2d4851a1d" relativeResultsDirectory="190040b4-acca-4e75-b9eb-6f507c8011fc">
    </UnitTestResult>
    <UnitTestResult executionId="d2d6c9f0-c00e-47e0-a8cd-3046e983182d" testId="0dc69d51-f15e-6390-18ee-0951f148ed4b" testName="testOneStrike" computerName="STRIKE-THINK" duration="00:00:00.0006434" startTime="2012-04-15T14:46:59.7674126+08:00" endTime="2012-04-15T14:46:59.7744130+08:00" testType="13cdc9d9-ddb5-4fa4-a97d-d965ccfc6d4b" outcome="Passed" testListId="8c84fa94-04c1-424b-9868-57a2d4851a1d" relativeResultsDirectory="d2d6c9f0-c00e-47e0-a8cd-3046e983182d">
    </UnitTestResult>
    <UnitTestResult executionId="bcccb31c-55d6-4314-9ca6-b81206be69de" testId="bb77fe17-5c79-3ba9-4980-cf499ad710fa" testName="testHeartBreak" computerName="STRIKE-THINK" duration="00:00:00.0288563" startTime="2012-04-15T14:46:59.7774132+08:00" endTime="2012-04-15T14:46:59.8134153+08:00" testType="13cdc9d9-ddb5-4fa4-a97d-d965ccfc6d4b" outcome="Failed" testListId="8c84fa94-04c1-424b-9868-57a2d4851a1d" relativeResultsDirectory="bcccb31c-55d6-4314-9ca6-b81206be69de">
      <Output>
        <ErrorInfo>
          <Message>Assert.AreEqual 失败。应为: &lt;299&gt;，实际为: &lt;29&gt;。</Message>
          <StackTrace>   在 BowlingGameTest.testHeartBreak() 位置 D:\vs2010\csh\BowlingGame\BowlingGameTest\GameTest.cs:行号 86
</StackTrace>
        </ErrorInfo>
      </Output>
    </UnitTestResult>
    <UnitTestResult executionId="de73ebd0-452a-4197-aa22-24540d7c6ddd" testId="6d239213-6502-8524-0690-637aa88cd060" testName="testRolls" computerName="STRIKE-THINK" duration="00:00:00.0004886" startTime="2012-04-15T14:46:59.8164154+08:00" endTime="2012-04-15T14:46:59.8244159+08:00" testType="13cdc9d9-ddb5-4fa4-a97d-d965ccfc6d4b" outcome="Passed" testListId="8c84fa94-04c1-424b-9868-57a2d4851a1d" relativeResultsDirectory="de73ebd0-452a-4197-aa22-24540d7c6ddd">
    </UnitTestResult>
  </Results>
</TestRun>