<?xml version="1.0" encoding="UTF-8"?>
<TestRun id="97d950ff-a993-40d6-807e-6e807d511177" name="STRIKE@STRIKE-THINK 2012-04-15 14:28:04" runUser="STRIKE-THINK\STRIKE" xmlns="http://microsoft.com/schemas/VisualStudio/TeamTest/2010">
  <TestSettings name="本地" id="ac7dbcf4-0217-4bb7-885d-181e1d39493f">
    <Description>这些设置为本地测试运行的默认测试设置。</Description>
    <Deployment enabled="false" runDeploymentRoot="STRIKE_STRIKE-THINK 2012-04-15 14_28_04">
      <DeploymentItem filename="D:\vs2010\csh\BowlingGame\BowlingGame\bin\Debug\BowlingGame.exe" />
    </Deployment>
    <Execution>
      <TestTypeSpecific />
      <AgentRule name="Execution Agents">
      </AgentRule>
    </Execution>
  </TestSettings>
  <Times creation="2012-04-15T14:28:04.8064966+08:00" queuing="2012-04-15T14:28:04.8264977+08:00" start="2012-04-15T14:28:04.8474989+08:00" finish="2012-04-15T14:28:05.4135313+08:00" />
  <ResultSummary outcome="Failed">
    <Counters total="6" executed="6" passed="5" error="0" failed="1" timeout="0" aborted="0" inconclusive="0" passedButRunAborted="0" notRunnable="0" notExecuted="0" disconnected="0" warning="0" completed="0" inProgress="0" pending="0" />
  </ResultSummary>
  <TestDefinitions>
    <UnitTest name="testOneStrike" storage="d:\vs2010\csh\bowlinggame\bowlinggametest\bin\debug\bowlinggametest.dll" id="0dc69d51-f15e-6390-18ee-0951f148ed4b">
      <Execution id="d62aafd3-c3d1-4bee-af3d-3b688bcd62b2" />
      <TestMethod codeBase="D:/vs2010/csh/BowlingGame/BowlingGameTest/bin/Debug/BowlingGameTest.DLL" adapterTypeName="Microsoft.VisualStudio.TestTools.TestTypes.Unit.UnitTestAdapter, Microsoft.VisualStudio.QualityTools.Tips.UnitTest.Adapter, Version=10.0.0.0, Culture=neutral, PublicKeyToken=b03f5f7f11d50a3a" className="BowlingGameTest, BowlingGameTest, Version=1.0.0.0, Culture=neutral, PublicKeyToken=null" name="testOneStrike" />
    </UnitTest>
    <UnitTest name="testOneSpare" storage="d:\vs2010\csh\bowlinggame\bowlinggametest\bin\debug\bowlinggametest.dll" id="17d5f833-b821-0f07-9723-04f2b742087f">
      <Execution id="1f0fcc4f-84a9-43bf-8104-522e1a3962ea" />
      <TestMethod codeBase="D:/vs2010/csh/BowlingGame/BowlingGameTest/bin/Debug/BowlingGameTest.DLL" adapterTypeName="Microsoft.VisualStudio.TestTools.TestTypes.Unit.UnitTestAdapter, Microsoft.VisualStudio.QualityTools.Tips.UnitTest.Adapter, Version=10.0.0.0, Culture=neutral, PublicKeyToken=b03f5f7f11d50a3a" className="BowlingGameTest, BowlingGameTest, Version=1.0.0.0, Culture=neutral, PublicKeyToken=null" name="testOneSpare" />
    </UnitTest>
    <UnitTest name="testHeartBreak" storage="d:\vs2010\csh\bowlinggame\bowlinggametest\bin\debug\bowlinggametest.dll" id="bb77fe17-5c79-3ba9-4980-cf499ad710fa">
      <Execution id="30f73fa1-33f1-4e8f-b1b0-fcfba1b53206" />
      <TestMethod codeBase="D:/vs2010/csh/BowlingGame/BowlingGameTest/bin/Debug/BowlingGameTest.DLL" adapterTypeName="Microsoft.VisualStudio.TestTools.TestTypes.Unit.UnitTestAdapter, Microsoft.VisualStudio.QualityTools.Tips.UnitTest.Adapter, Version=10.0.0.0, Culture=neutral, PublicKeyToken=b03f5f7f11d50a3a" className="BowlingGameTest, BowlingGameTest, Version=1.0.0.0, Culture=neutral, PublicKeyToken=null" name="testHeartBreak" />
    </UnitTest>
    <UnitTest name="testRolls" storage="d:\vs2010\csh\bowlinggame\bowlinggametest\bin\debug\bowlinggametest.dll" id="6d239213-6502-8524-0690-637aa88cd060">
      <Execution id="aeec9172-431c-44af-845a-b3461f037d6b" />
      <TestMethod codeBase="D:/vs2010/csh/BowlingGame/BowlingGameTest/bin/Debug/BowlingGameTest.DLL" adapterTypeName="Microsoft.VisualStudio.TestTools.TestTypes.Unit.UnitTestAdapter, Microsoft.VisualStudio.QualityTools.Tips.UnitTest.Adapter, Version=10.0.0.0, Culture=neutral, PublicKeyToken=b03f5f7f11d50a3a" className="BowlingGameTest, BowlingGameTest, Version=1.0.0.0, Culture=neutral, PublicKeyToken=null" name="testRolls" />
    </UnitTest>
    <UnitTest name="testGutterGame" storage="d:\vs2010\csh\bowlinggame\bowlinggametest\bin\debug\bowlinggametest.dll" id="98cc0c0e-7a1e-2658-db4a-085b4583f36f">
      <Execution id="8db0f7cb-a0ce-4fd6-af07-4842cecca55f" />
      <TestMethod codeBase="D:/vs2010/csh/BowlingGame/BowlingGameTest/bin/Debug/BowlingGameTest.DLL" adapterTypeName="Microsoft.VisualStudio.TestTools.TestTypes.Unit.UnitTestAdapter, Microsoft.VisualStudio.QualityTools.Tips.UnitTest.Adapter, Version=10.0.0.0, Culture=neutral, PublicKeyToken=b03f5f7f11d50a3a" className="BowlingGameTest, BowlingGameTest, Version=1.0.0.0, Culture=neutral, PublicKeyToken=null" name="testGutterGame" />
    </UnitTest>
    <UnitTest name="testAllOnes" storage="d:\vs2010\csh\bowlinggame\bowlinggametest\bin\debug\bowlinggametest.dll" id="ba5ef2f0-1dab-7adb-aa9b-278a05452cf1">
      <Execution id="867de7b1-8e35-41cf-96e9-d32de1dce10f" />
      <TestMethod codeBase="D:/vs2010/csh/BowlingGame/BowlingGameTest/bin/Debug/BowlingGameTest.DLL" adapterTypeName="Microsoft.VisualStudio.TestTools.TestTypes.Unit.UnitTestAdapter, Microsoft.VisualStudio.QualityTools.Tips.UnitTest.Adapter, Version=10.0.0.0, Culture=neutral, PublicKeyToken=b03f5f7f11d50a3a" className="BowlingGameTest, BowlingGameTest, Version=1.0.0.0, Culture=neutral, PublicKeyToken=null" name="testAllOnes" />
    </UnitTest>
  </TestDefinitions>
  <TestLists>
    <TestList name="列表中未列出的结果" id="8c84fa94-04c1-424b-9868-57a2d4851a1d" />
    <TestList name="所有已加载的结果" id="19431567-8539-422a-85d7-44ee4e166bda" />
  </TestLists>
  <TestEntries>
    <TestEntry testId="98cc0c0e-7a1e-2658-db4a-085b4583f36f" executionId="8db0f7cb-a0ce-4fd6-af07-4842cecca55f" testListId="8c84fa94-04c1-424b-9868-57a2d4851a1d" />
    <TestEntry testId="ba5ef2f0-1dab-7adb-aa9b-278a05452cf1" executionId="867de7b1-8e35-41cf-96e9-d32de1dce10f" testListId="8c84fa94-04c1-424b-9868-57a2d4851a1d" />
    <TestEntry testId="17d5f833-b821-0f07-9723-04f2b742087f" executionId="1f0fcc4f-84a9-43bf-8104-522e1a3962ea" testListId="8c84fa94-04c1-424b-9868-57a2d4851a1d" />
    <TestEntry testId="0dc69d51-f15e-6390-18ee-0951f148ed4b" executionId="d62aafd3-c3d1-4bee-af3d-3b688bcd62b2" testListId="8c84fa94-04c1-424b-9868-57a2d4851a1d" />
    <TestEntry testId="bb77fe17-5c79-3ba9-4980-cf499ad710fa" executionId="30f73fa1-33f1-4e8f-b1b0-fcfba1b53206" testListId="8c84fa94-04c1-424b-9868-57a2d4851a1d" />
    <TestEntry testId="6d239213-6502-8524-0690-637aa88cd060" executionId="aeec9172-431c-44af-845a-b3461f037d6b" testListId="8c84fa94-04c1-424b-9868-57a2d4851a1d" />
  </TestEntries>
  <Results>
    <UnitTestResult executionId="8db0f7cb-a0ce-4fd6-af07-4842cecca55f" testId="98cc0c0e-7a1e-2658-db4a-085b4583f36f" testName="testGutterGame" computerName="STRIKE-THINK" duration="00:00:00.0245626" startTime="2012-04-15T14:28:04.8604997+08:00" endTime="2012-04-15T14:28:05.1975189+08:00" testType="13cdc9d9-ddb5-4fa4-a97d-d965ccfc6d4b" outcome="Passed" testListId="8c84fa94-04c1-424b-9868-57a2d4851a1d" relativeResultsDirectory="8db0f7cb-a0ce-4fd6-af07-4842cecca55f">
    </UnitTestResult>
    <UnitTestResult executionId="867de7b1-8e35-41cf-96e9-d32de1dce10f" testId="ba5ef2f0-1dab-7adb-aa9b-278a05452cf1" testName="testAllOnes" computerName="STRIKE-THINK" duration="00:00:00.0003257" startTime="2012-04-15T14:28:05.2035193+08:00" endTime="2012-04-15T14:28:05.2205203+08:00" testType="13cdc9d9-ddb5-4fa4-a97d-d965ccfc6d4b" outcome="Passed" testListId="8c84fa94-04c1-424b-9868-57a2d4851a1d" relativeResultsDirectory="867de7b1-8e35-41cf-96e9-d32de1dce10f">
    </UnitTestResult>
    <UnitTestResult executionId="1f0fcc4f-84a9-43bf-8104-522e1a3962ea" testId="17d5f833-b821-0f07-9723-04f2b742087f" testName="testOneSpare" computerName="STRIKE-THINK" duration="00:00:00.0008910" startTime="2012-04-15T14:28:05.2235204+08:00" endTime="2012-04-15T14:28:05.2345211+08:00" testType="13cdc9d9-ddb5-4fa4-a97d-d965ccfc6d4b" outcome="Passed" testListId="8c84fa94-04c1-424b-9868-57a2d4851a1d" relativeResultsDirectory="1f0fcc4f-84a9-43bf-8104-522e1a3962ea">
    </UnitTestResult>
    <UnitTestResult executionId="d62aafd3-c3d1-4bee-af3d-3b688bcd62b2" testId="0dc69d51-f15e-6390-18ee-0951f148ed4b" testName="testOneStrike" computerName="STRIKE-THINK" duration="00:00:00.0078624" startTime="2012-04-15T14:28:05.2525221+08:00" endTime="2012-04-15T14:28:05.2795236+08:00" testType="13cdc9d9-ddb5-4fa4-a97d-d965ccfc6d4b" outcome="Passed" testListId="8c84fa94-04c1-424b-9868-57a2d4851a1d" relativeResultsDirectory="d62aafd3-c3d1-4bee-af3d-3b688bcd62b2">
    </UnitTestResult>
    <UnitTestResult executionId="30f73fa1-33f1-4e8f-b1b0-fcfba1b53206" testId="bb77fe17-5c79-3ba9-4980-cf499ad710fa" testName="testHeartBreak" computerName="STRIKE-THINK" duration="00:00:00.0403863" startTime="2012-04-15T14:28:05.2955245+08:00" endTime="2012-04-15T14:28:05.3545279+08:00" testType="13cdc9d9-ddb5-4fa4-a97d-d965ccfc6d4b" outcome="Failed" testListId="8c84fa94-04c1-424b-9868-57a2d4851a1d" relativeResultsDirectory="30f73fa1-33f1-4e8f-b1b0-fcfba1b53206">
      <Output>
        <ErrorInfo>
          <Message>Assert.AreEqual 失败。应为: &lt;299&gt;，实际为: &lt;29&gt;。</Message>
          <StackTrace>   在 BowlingGameTest.testHeartBreak() 位置 D:\vs2010\csh\BowlingGame\BowlingGameTest\GameTest.cs:行号 84
</StackTrace>
        </ErrorInfo>
      </Output>
    </UnitTestResult>
    <UnitTestResult executionId="aeec9172-431c-44af-845a-b3461f037d6b" testId="6d239213-6502-8524-0690-637aa88cd060" testName="testRolls" computerName="STRIKE-THINK" duration="00:00:00.0004181" startTime="2012-04-15T14:28:05.3695288+08:00" endTime="2012-04-15T14:28:05.3815295+08:00" testType="13cdc9d9-ddb5-4fa4-a97d-d965ccfc6d4b" outcome="Passed" testListId="8c84fa94-04c1-424b-9868-57a2d4851a1d" relativeResultsDirectory="aeec9172-431c-44af-845a-b3461f037d6b">
    </UnitTestResult>
  </Results>
</TestRun>