<?xml version="1.0" encoding="UTF-8"?>
<TestRun id="ee468be2-91f1-4d53-93ae-e81541283a91" name="STRIKE@STRIKE-THINK 2012-04-15 14:49:01" runUser="STRIKE-THINK\STRIKE" xmlns="http://microsoft.com/schemas/VisualStudio/TeamTest/2010">
  <TestSettings name="本地" id="ac7dbcf4-0217-4bb7-885d-181e1d39493f">
    <Description>这些设置为本地测试运行的默认测试设置。</Description>
    <Deployment enabled="false" runDeploymentRoot="STRIKE_STRIKE-THINK 2012-04-15 14_49_01">
      <DeploymentItem filename="D:\vs2010\csh\BowlingGame\BowlingGame\bin\Debug\BowlingGame.exe" />
    </Deployment>
    <Execution>
      <TestTypeSpecific />
      <AgentRule name="Execution Agents">
      </AgentRule>
    </Execution>
  </TestSettings>
  <Times creation="2012-04-15T14:49:01.3303656+08:00" queuing="2012-04-15T14:49:01.3523669+08:00" start="2012-04-15T14:49:01.3613674+08:00" finish="2012-04-15T14:49:01.7863917+08:00" />
  <ResultSummary outcome="Failed">
    <Counters total="6" executed="6" passed="5" error="0" failed="1" timeout="0" aborted="0" inconclusive="0" passedButRunAborted="0" notRunnable="0" notExecuted="0" disconnected="0" warning="0" completed="0" inProgress="0" pending="0" />
  </ResultSummary>
  <TestDefinitions>
    <UnitTest name="testOneStrike" storage="d:\vs2010\csh\bowlinggame\bowlinggametest\bin\debug\bowlinggametest.dll" id="0dc69d51-f15e-6390-18ee-0951f148ed4b">
      <Execution id="8765a105-721c-4692-a5eb-60bfcc099d08" />
      <TestMethod codeBase="D:/vs2010/csh/BowlingGame/BowlingGameTest/bin/Debug/BowlingGameTest.DLL" adapterTypeName="Microsoft.VisualStudio.TestTools.TestTypes.Unit.UnitTestAdapter, Microsoft.VisualStudio.QualityTools.Tips.UnitTest.Adapter, Version=10.0.0.0, Culture=neutral, PublicKeyToken=b03f5f7f11d50a3a" className="BowlingGameTest, BowlingGameTest, Version=1.0.0.0, Culture=neutral, PublicKeyToken=null" name="testOneStrike" />
    </UnitTest>
    <UnitTest name="testOneSpare" storage="d:\vs2010\csh\bowlinggame\bowlinggametest\bin\debug\bowlinggametest.dll" id="17d5f833-b821-0f07-9723-04f2b742087f">
      <Execution id="892f259a-c778-41e1-b16d-117b7932e9a5" />
      <TestMethod codeBase="D:/vs2010/csh/BowlingGame/BowlingGameTest/bin/Debug/BowlingGameTest.DLL" adapterTypeName="Microsoft.VisualStudio.TestTools.TestTypes.Unit.UnitTestAdapter, Microsoft.VisualStudio.QualityTools.Tips.UnitTest.Adapter, Version=10.0.0.0, Culture=neutral, PublicKeyToken=b03f5f7f11d50a3a" className="BowlingGameTest, BowlingGameTest, Version=1.0.0.0, Culture=neutral, PublicKeyToken=null" name="testOneSpare" />
    </UnitTest>
    <UnitTest name="testHeartBreak" storage="d:\vs2010\csh\bowlinggame\bowlinggametest\bin\debug\bowlinggametest.dll" id="bb77fe17-5c79-3ba9-4980-cf499ad710fa">
      <Execution id="4cd668a7-5ffb-469f-90ae-4c284efd64e2" />
      <TestMethod codeBase="D:/vs2010/csh/BowlingGame/BowlingGameTest/bin/Debug/BowlingGameTest.DLL" adapterTypeName="Microsoft.VisualStudio.TestTools.TestTypes.Unit.UnitTestAdapter, Microsoft.VisualStudio.QualityTools.Tips.UnitTest.Adapter, Version=10.0.0.0, Culture=neutral, PublicKeyToken=b03f5f7f11d50a3a" className="BowlingGameTest, BowlingGameTest, Version=1.0.0.0, Culture=neutral, PublicKeyToken=null" name="testHeartBreak" />
    </UnitTest>
    <UnitTest name="testRolls" storage="d:\vs2010\csh\bowlinggame\bowlinggametest\bin\debug\bowlinggametest.dll" id="6d239213-6502-8524-0690-637aa88cd060">
      <Execution id="170d2988-9b97-411f-8b3b-a82d2c9a7eaa" />
      <TestMethod codeBase="D:/vs2010/csh/BowlingGame/BowlingGameTest/bin/Debug/BowlingGameTest.DLL" adapterTypeName="Microsoft.VisualStudio.TestTools.TestTypes.Unit.UnitTestAdapter, Microsoft.VisualStudio.QualityTools.Tips.UnitTest.Adapter, Version=10.0.0.0, Culture=neutral, PublicKeyToken=b03f5f7f11d50a3a" className="BowlingGameTest, BowlingGameTest, Version=1.0.0.0, Culture=neutral, PublicKeyToken=null" name="testRolls" />
    </UnitTest>
    <UnitTest name="testGutterGame" storage="d:\vs2010\csh\bowlinggame\bowlinggametest\bin\debug\bowlinggametest.dll" id="98cc0c0e-7a1e-2658-db4a-085b4583f36f">
      <Execution id="e9abd807-4f39-4c46-a3aa-974a1be0d2f3" />
      <TestMethod codeBase="D:/vs2010/csh/BowlingGame/BowlingGameTest/bin/Debug/BowlingGameTest.DLL" adapterTypeName="Microsoft.VisualStudio.TestTools.TestTypes.Unit.UnitTestAdapter, Microsoft.VisualStudio.QualityTools.Tips.UnitTest.Adapter, Version=10.0.0.0, Culture=neutral, PublicKeyToken=b03f5f7f11d50a3a" className="BowlingGameTest, BowlingGameTest, Version=1.0.0.0, Culture=neutral, PublicKeyToken=null" name="testGutterGame" />
    </UnitTest>
    <UnitTest name="testAllOnes" storage="d:\vs2010\csh\bowlinggame\bowlinggametest\bin\debug\bowlinggametest.dll" id="ba5ef2f0-1dab-7adb-aa9b-278a05452cf1">
      <Execution id="a3630e6c-3993-40f5-bf32-36fbd2e2729c" />
      <TestMethod codeBase="D:/vs2010/csh/BowlingGame/BowlingGameTest/bin/Debug/BowlingGameTest.DLL" adapterTypeName="Microsoft.VisualStudio.TestTools.TestTypes.Unit.UnitTestAdapter, Microsoft.VisualStudio.QualityTools.Tips.UnitTest.Adapter, Version=10.0.0.0, Culture=neutral, PublicKeyToken=b03f5f7f11d50a3a" className="BowlingGameTest, BowlingGameTest, Version=1.0.0.0, Culture=neutral, PublicKeyToken=null" name="testAllOnes" />
    </UnitTest>
  </TestDefinitions>
  <TestLists>
    <TestList name="列表中未列出的结果" id="8c84fa94-04c1-424b-9868-57a2d4851a1d" />
    <TestList name="所有已加载的结果" id="19431567-8539-422a-85d7-44ee4e166bda" />
  </TestLists>
  <TestEntries>
    <TestEntry testId="98cc0c0e-7a1e-2658-db4a-085b4583f36f" executionId="e9abd807-4f39-4c46-a3aa-974a1be0d2f3" testListId="8c84fa94-04c1-424b-9868-57a2d4851a1d" />
    <TestEntry testId="ba5ef2f0-1dab-7adb-aa9b-278a05452cf1" executionId="a3630e6c-3993-40f5-bf32-36fbd2e2729c" testListId="8c84fa94-04c1-424b-9868-57a2d4851a1d" />
    <TestEntry testId="17d5f833-b821-0f07-9723-04f2b742087f" executionId="892f259a-c778-41e1-b16d-117b7932e9a5" testListId="8c84fa94-04c1-424b-9868-57a2d4851a1d" />
    <TestEntry testId="0dc69d51-f15e-6390-18ee-0951f148ed4b" executionId="8765a105-721c-4692-a5eb-60bfcc099d08" testListId="8c84fa94-04c1-424b-9868-57a2d4851a1d" />
    <TestEntry testId="bb77fe17-5c79-3ba9-4980-cf499ad710fa" executionId="4cd668a7-5ffb-469f-90ae-4c284efd64e2" testListId="8c84fa94-04c1-424b-9868-57a2d4851a1d" />
    <TestEntry testId="6d239213-6502-8524-0690-637aa88cd060" executionId="170d2988-9b97-411f-8b3b-a82d2c9a7eaa" testListId="8c84fa94-04c1-424b-9868-57a2d4851a1d" />
  </TestEntries>
  <Results>
    <UnitTestResult executionId="e9abd807-4f39-4c46-a3aa-974a1be0d2f3" testId="98cc0c0e-7a1e-2658-db4a-085b4583f36f" testName="testGutterGame" computerName="STRIKE-THINK" duration="00:00:00.0183182" startTime="2012-04-15T14:49:01.3643676+08:00" endTime="2012-04-15T14:49:01.6633847+08:00" testType="13cdc9d9-ddb5-4fa4-a97d-d965ccfc6d4b" outcome="Passed" testListId="8c84fa94-04c1-424b-9868-57a2d4851a1d" relativeResultsDirectory="e9abd807-4f39-4c46-a3aa-974a1be0d2f3">
    </UnitTestResult>
    <UnitTestResult executionId="a3630e6c-3993-40f5-bf32-36fbd2e2729c" testId="ba5ef2f0-1dab-7adb-aa9b-278a05452cf1" testName="testAllOnes" computerName="STRIKE-THINK" duration="00:00:00.0002933" startTime="2012-04-15T14:49:01.6673849+08:00" endTime="2012-04-15T14:49:01.6743853+08:00" testType="13cdc9d9-ddb5-4fa4-a97d-d965ccfc6d4b" outcome="Passed" testListId="8c84fa94-04c1-424b-9868-57a2d4851a1d" relativeResultsDirectory="a3630e6c-3993-40f5-bf32-36fbd2e2729c">
    </UnitTestResult>
    <UnitTestResult executionId="892f259a-c778-41e1-b16d-117b7932e9a5" testId="17d5f833-b821-0f07-9723-04f2b742087f" testName="testOneSpare" computerName="STRIKE-THINK" duration="00:00:00.0053602" startTime="2012-04-15T14:49:01.6773855+08:00" endTime="2012-04-15T14:49:01.6883861+08:00" testType="13cdc9d9-ddb5-4fa4-a97d-d965ccfc6d4b" outcome="Passed" testListId="8c84fa94-04c1-424b-9868-57a2d4851a1d" relativeResultsDirectory="892f259a-c778-41e1-b16d-117b7932e9a5">
    </UnitTestResult>
    <UnitTestResult executionId="8765a105-721c-4692-a5eb-60bfcc099d08" testId="0dc69d51-f15e-6390-18ee-0951f148ed4b" testName="testOneStrike" computerName="STRIKE-THINK" duration="00:00:00.0003845" startTime="2012-04-15T14:49:01.6943864+08:00" endTime="2012-04-15T14:49:01.7063871+08:00" testType="13cdc9d9-ddb5-4fa4-a97d-d965ccfc6d4b" outcome="Passed" testListId="8c84fa94-04c1-424b-9868-57a2d4851a1d" relativeResultsDirectory="8765a105-721c-4692-a5eb-60bfcc099d08">
    </UnitTestResult>
    <UnitTestResult executionId="4cd668a7-5ffb-469f-90ae-4c284efd64e2" testId="bb77fe17-5c79-3ba9-4980-cf499ad710fa" testName="testHeartBreak" computerName="STRIKE-THINK" duration="00:00:00.0285580" startTime="2012-04-15T14:49:01.7133875+08:00" endTime="2012-04-15T14:49:01.7473895+08:00" testType="13cdc9d9-ddb5-4fa4-a97d-d965ccfc6d4b" outcome="Failed" testListId="8c84fa94-04c1-424b-9868-57a2d4851a1d" relativeResultsDirectory="4cd668a7-5ffb-469f-90ae-4c284efd64e2">
      <Output>
        <ErrorInfo>
          <Message>Assert.AreEqual 失败。应为: &lt;299&gt;，实际为: &lt;29&gt;。</Message>
          <StackTrace>   在 BowlingGameTest.testHeartBreak() 位置 D:\vs2010\csh\BowlingGame\BowlingGameTest\GameTest.cs:行号 87
</StackTrace>
        </ErrorInfo>
      </Output>
    </UnitTestResult>
    <UnitTestResult executionId="170d2988-9b97-411f-8b3b-a82d2c9a7eaa" testId="6d239213-6502-8524-0690-637aa88cd060" testName="testRolls" computerName="STRIKE-THINK" duration="00:00:00.0004599" startTime="2012-04-15T14:49:01.7533898+08:00" endTime="2012-04-15T14:49:01.7673906+08:00" testType="13cdc9d9-ddb5-4fa4-a97d-d965ccfc6d4b" outcome="Passed" testListId="8c84fa94-04c1-424b-9868-57a2d4851a1d" relativeResultsDirectory="170d2988-9b97-411f-8b3b-a82d2c9a7eaa">
    </UnitTestResult>
  </Results>
</TestRun>